{"/Users/joannabrigham/Projects/finalproject/Grappitude/App.js": {"path":"/Users/joannabrigham/Projects/finalproject/Grappitude/App.js","statementMap":{"0":{"start":{"line":6,"column":12},"end":{"line":10,"column":1}},"1":{"start":{"line":7,"column":2},"end":{"line":9,"column":3}}},"fnMap":{"0":{"name":"(anonymous_0)","decl":{"start":{"line":6,"column":12},"end":{"line":6,"column":13}},"loc":{"start":{"line":6,"column":18},"end":{"line":10,"column":1}},"line":6}},"branchMap":{},"s":{"0":1,"1":2},"f":{"0":2},"b":{},"_coverageSchema":"1a1c01bbd47fc00a2c39e90264f33305004495a9","hash":"28f4ca1167fdf63f7c7a4fc77aa799eb3a970f8e"}
,"/Users/joannabrigham/Projects/finalproject/Grappitude/backend/server.js": {"path":"/Users/joannabrigham/Projects/finalproject/Grappitude/backend/server.js","statementMap":{"0":{"start":{"line":1,"column":16},"end":{"line":1,"column":34}},"1":{"start":{"line":2,"column":13},"end":{"line":2,"column":28}},"2":{"start":{"line":4,"column":17},"end":{"line":4,"column":36}},"3":{"start":{"line":6,"column":0},"end":{"line":6,"column":27}},"4":{"start":{"line":8,"column":12},"end":{"line":8,"column":21}},"5":{"start":{"line":9,"column":13},"end":{"line":9,"column":37}},"6":{"start":{"line":11,"column":0},"end":{"line":11,"column":16}},"7":{"start":{"line":12,"column":0},"end":{"line":12,"column":24}},"8":{"start":{"line":14,"column":12},"end":{"line":14,"column":33}},"9":{"start":{"line":15,"column":2},"end":{"line":16,"column":2}},"10":{"start":{"line":18,"column":19},"end":{"line":18,"column":38}},"11":{"start":{"line":19,"column":0},"end":{"line":21,"column":3}},"12":{"start":{"line":20,"column":2},"end":{"line":20,"column":70}},"13":{"start":{"line":23,"column":23},"end":{"line":23,"column":51}},"14":{"start":{"line":26,"column":0},"end":{"line":26,"column":37}},"15":{"start":{"line":30,"column":0},"end":{"line":32,"column":3}},"16":{"start":{"line":31,"column":0},"end":{"line":31,"column":52}}},"fnMap":{"0":{"name":"(anonymous_0)","decl":{"start":{"line":19,"column":24},"end":{"line":19,"column":25}},"loc":{"start":{"line":19,"column":30},"end":{"line":21,"column":1}},"line":19},"1":{"name":"(anonymous_1)","decl":{"start":{"line":30,"column":17},"end":{"line":30,"column":18}},"loc":{"start":{"line":30,"column":23},"end":{"line":32,"column":1}},"line":30}},"branchMap":{"0":{"loc":{"start":{"line":9,"column":13},"end":{"line":9,"column":37}},"type":"binary-expr","locations":[{"start":{"line":9,"column":13},"end":{"line":9,"column":29}},{"start":{"line":9,"column":33},"end":{"line":9,"column":37}}],"line":9}},"s":{"0":0,"1":0,"2":0,"3":0,"4":0,"5":0,"6":0,"7":0,"8":0,"9":0,"10":0,"11":0,"12":0,"13":0,"14":0,"15":0,"16":0},"f":{"0":0,"1":0},"b":{"0":[0,0]}}
,"/Users/joannabrigham/Projects/finalproject/Grappitude/backend/models/thought.model.js": {"path":"/Users/joannabrigham/Projects/finalproject/Grappitude/backend/models/thought.model.js","statementMap":{"0":{"start":{"line":1,"column":17},"end":{"line":1,"column":36}},"1":{"start":{"line":3,"column":15},"end":{"line":3,"column":30}},"2":{"start":{"line":5,"column":22},"end":{"line":9,"column":2}},"3":{"start":{"line":11,"column":16},"end":{"line":11,"column":56}},"4":{"start":{"line":13,"column":0},"end":{"line":13,"column":25}}},"fnMap":{},"branchMap":{},"s":{"0":0,"1":0,"2":0,"3":0,"4":0},"f":{},"b":{}}
,"/Users/joannabrigham/Projects/finalproject/Grappitude/backend/routes/thoughts.js": {"path":"/Users/joannabrigham/Projects/finalproject/Grappitude/backend/routes/thoughts.js","statementMap":{"0":{"start":{"line":1,"column":15},"end":{"line":1,"column":42}},"1":{"start":{"line":2,"column":14},"end":{"line":2,"column":48}},"2":{"start":{"line":4,"column":0},"end":{"line":8,"column":3}},"3":{"start":{"line":5,"column":2},"end":{"line":7,"column":57}},"4":{"start":{"line":6,"column":22},"end":{"line":6,"column":40}},"5":{"start":{"line":7,"column":18},"end":{"line":7,"column":55}},"6":{"start":{"line":10,"column":0},"end":{"line":19,"column":3}},"7":{"start":{"line":11,"column":18},"end":{"line":11,"column":34}},"8":{"start":{"line":13,"column":21},"end":{"line":15,"column":4}},"9":{"start":{"line":16,"column":2},"end":{"line":18,"column":57}},"10":{"start":{"line":17,"column":16},"end":{"line":17,"column":42}},"11":{"start":{"line":18,"column":18},"end":{"line":18,"column":55}},"12":{"start":{"line":21,"column":0},"end":{"line":25,"column":3}},"13":{"start":{"line":22,"column":2},"end":{"line":24,"column":57}},"14":{"start":{"line":23,"column":21},"end":{"line":23,"column":38}},"15":{"start":{"line":24,"column":18},"end":{"line":24,"column":55}},"16":{"start":{"line":27,"column":0},"end":{"line":31,"column":3}},"17":{"start":{"line":28,"column":2},"end":{"line":30,"column":57}},"18":{"start":{"line":29,"column":16},"end":{"line":29,"column":44}},"19":{"start":{"line":30,"column":18},"end":{"line":30,"column":55}},"20":{"start":{"line":33,"column":0},"end":{"line":42,"column":3}},"21":{"start":{"line":34,"column":2},"end":{"line":41,"column":57}},"22":{"start":{"line":36,"column":6},"end":{"line":36,"column":41}},"23":{"start":{"line":37,"column":6},"end":{"line":39,"column":61}},"24":{"start":{"line":38,"column":20},"end":{"line":38,"column":48}},"25":{"start":{"line":39,"column":22},"end":{"line":39,"column":59}},"26":{"start":{"line":41,"column":18},"end":{"line":41,"column":55}},"27":{"start":{"line":44,"column":0},"end":{"line":44,"column":24}}},"fnMap":{"0":{"name":"(anonymous_0)","decl":{"start":{"line":4,"column":22},"end":{"line":4,"column":23}},"loc":{"start":{"line":4,"column":36},"end":{"line":8,"column":1}},"line":4},"1":{"name":"(anonymous_1)","decl":{"start":{"line":6,"column":10},"end":{"line":6,"column":11}},"loc":{"start":{"line":6,"column":22},"end":{"line":6,"column":40}},"line":6},"2":{"name":"(anonymous_2)","decl":{"start":{"line":7,"column":11},"end":{"line":7,"column":12}},"loc":{"start":{"line":7,"column":18},"end":{"line":7,"column":55}},"line":7},"3":{"name":"(anonymous_3)","decl":{"start":{"line":10,"column":26},"end":{"line":10,"column":27}},"loc":{"start":{"line":10,"column":40},"end":{"line":19,"column":1}},"line":10},"4":{"name":"(anonymous_4)","decl":{"start":{"line":17,"column":10},"end":{"line":17,"column":11}},"loc":{"start":{"line":17,"column":16},"end":{"line":17,"column":42}},"line":17},"5":{"name":"(anonymous_5)","decl":{"start":{"line":18,"column":11},"end":{"line":18,"column":12}},"loc":{"start":{"line":18,"column":18},"end":{"line":18,"column":55}},"line":18},"6":{"name":"(anonymous_6)","decl":{"start":{"line":21,"column":25},"end":{"line":21,"column":26}},"loc":{"start":{"line":21,"column":39},"end":{"line":25,"column":1}},"line":21},"7":{"name":"(anonymous_7)","decl":{"start":{"line":23,"column":10},"end":{"line":23,"column":11}},"loc":{"start":{"line":23,"column":21},"end":{"line":23,"column":38}},"line":23},"8":{"name":"(anonymous_8)","decl":{"start":{"line":24,"column":11},"end":{"line":24,"column":12}},"loc":{"start":{"line":24,"column":18},"end":{"line":24,"column":55}},"line":24},"9":{"name":"(anonymous_9)","decl":{"start":{"line":27,"column":28},"end":{"line":27,"column":29}},"loc":{"start":{"line":27,"column":42},"end":{"line":31,"column":1}},"line":27},"10":{"name":"(anonymous_10)","decl":{"start":{"line":29,"column":10},"end":{"line":29,"column":11}},"loc":{"start":{"line":29,"column":16},"end":{"line":29,"column":44}},"line":29},"11":{"name":"(anonymous_11)","decl":{"start":{"line":30,"column":11},"end":{"line":30,"column":12}},"loc":{"start":{"line":30,"column":18},"end":{"line":30,"column":55}},"line":30},"12":{"name":"(anonymous_12)","decl":{"start":{"line":33,"column":33},"end":{"line":33,"column":34}},"loc":{"start":{"line":33,"column":47},"end":{"line":42,"column":1}},"line":33},"13":{"name":"(anonymous_13)","decl":{"start":{"line":35,"column":10},"end":{"line":35,"column":11}},"loc":{"start":{"line":35,"column":21},"end":{"line":40,"column":5}},"line":35},"14":{"name":"(anonymous_14)","decl":{"start":{"line":38,"column":14},"end":{"line":38,"column":15}},"loc":{"start":{"line":38,"column":20},"end":{"line":38,"column":48}},"line":38},"15":{"name":"(anonymous_15)","decl":{"start":{"line":39,"column":15},"end":{"line":39,"column":16}},"loc":{"start":{"line":39,"column":22},"end":{"line":39,"column":59}},"line":39},"16":{"name":"(anonymous_16)","decl":{"start":{"line":41,"column":11},"end":{"line":41,"column":12}},"loc":{"start":{"line":41,"column":18},"end":{"line":41,"column":55}},"line":41}},"branchMap":{},"s":{"0":0,"1":0,"2":0,"3":0,"4":0,"5":0,"6":0,"7":0,"8":0,"9":0,"10":0,"11":0,"12":0,"13":0,"14":0,"15":0,"16":0,"17":0,"18":0,"19":0,"20":0,"21":0,"22":0,"23":0,"24":0,"25":0,"26":0,"27":0},"f":{"0":0,"1":0,"2":0,"3":0,"4":0,"5":0,"6":0,"7":0,"8":0,"9":0,"10":0,"11":0,"12":0,"13":0,"14":0,"15":0,"16":0},"b":{}}
,"/Users/joannabrigham/Projects/finalproject/Grappitude/components/app-container.component.js": {"path":"/Users/joannabrigham/Projects/finalproject/Grappitude/components/app-container.component.js","statementMap":{"0":{"start":{"line":11,"column":21},"end":{"line":53,"column":1}},"1":{"start":{"line":12,"column":50},"end":{"line":12,"column":61}},"2":{"start":{"line":13,"column":40},"end":{"line":13,"column":51}},"3":{"start":{"line":15,"column":28},"end":{"line":31,"column":3}},"4":{"start":{"line":16,"column":4},"end":{"line":30,"column":7}},"5":{"start":{"line":18,"column":19},"end":{"line":18,"column":32}},"6":{"start":{"line":19,"column":21},"end":{"line":19,"column":32}},"7":{"start":{"line":20,"column":20},"end":{"line":20,"column":48}},"8":{"start":{"line":21,"column":6},"end":{"line":27,"column":7}},"9":{"start":{"line":22,"column":21},"end":{"line":22,"column":22}},"10":{"start":{"line":23,"column":13},"end":{"line":27,"column":7}},"11":{"start":{"line":24,"column":21},"end":{"line":24,"column":24}},"12":{"start":{"line":26,"column":19},"end":{"line":26,"column":37}},"13":{"start":{"line":28,"column":6},"end":{"line":28,"column":39}},"14":{"start":{"line":29,"column":6},"end":{"line":29,"column":32}},"15":{"start":{"line":33,"column":30},"end":{"line":37,"column":3}},"16":{"start":{"line":36,"column":4},"end":{"line":36,"column":23}},"17":{"start":{"line":39,"column":2},"end":{"line":52,"column":3}}},"fnMap":{"0":{"name":"(anonymous_0)","decl":{"start":{"line":11,"column":21},"end":{"line":11,"column":22}},"loc":{"start":{"line":11,"column":27},"end":{"line":53,"column":1}},"line":11},"1":{"name":"(anonymous_1)","decl":{"start":{"line":15,"column":28},"end":{"line":15,"column":29}},"loc":{"start":{"line":15,"column":34},"end":{"line":31,"column":3}},"line":15},"2":{"name":"(anonymous_2)","decl":{"start":{"line":17,"column":10},"end":{"line":17,"column":11}},"loc":{"start":{"line":17,"column":24},"end":{"line":30,"column":5}},"line":17},"3":{"name":"(anonymous_3)","decl":{"start":{"line":33,"column":30},"end":{"line":33,"column":31}},"loc":{"start":{"line":33,"column":40},"end":{"line":37,"column":3}},"line":33}},"branchMap":{"0":{"loc":{"start":{"line":21,"column":6},"end":{"line":27,"column":7}},"type":"if","locations":[{"start":{"line":21,"column":6},"end":{"line":27,"column":7}},{"start":{"line":21,"column":6},"end":{"line":27,"column":7}}],"line":21},"1":{"loc":{"start":{"line":23,"column":13},"end":{"line":27,"column":7}},"type":"if","locations":[{"start":{"line":23,"column":13},"end":{"line":27,"column":7}},{"start":{"line":23,"column":13},"end":{"line":27,"column":7}}],"line":23},"2":{"loc":{"start":{"line":23,"column":17},"end":{"line":23,"column":49}},"type":"binary-expr","locations":[{"start":{"line":23,"column":17},"end":{"line":23,"column":34}},{"start":{"line":23,"column":38},"end":{"line":23,"column":49}}],"line":23}},"s":{"0":1,"1":2,"2":2,"3":2,"4":0,"5":0,"6":0,"7":0,"8":0,"9":0,"10":0,"11":0,"12":0,"13":0,"14":0,"15":2,"16":0,"17":2},"f":{"0":2,"1":0,"2":0,"3":0},"b":{"0":[0,0],"1":[0,0],"2":[0,0]},"_coverageSchema":"1a1c01bbd47fc00a2c39e90264f33305004495a9","hash":"71519e75e334ad93bd57549a69401e7ce3f6fe07"}
,"/Users/joannabrigham/Projects/finalproject/Grappitude/components/create-thought.component.js": {"path":"/Users/joannabrigham/Projects/finalproject/Grappitude/components/create-thought.component.js","statementMap":{"0":{"start":{"line":8,"column":4},"end":{"line":8,"column":17}},"1":{"start":{"line":9,"column":4},"end":{"line":9,"column":59}},"2":{"start":{"line":10,"column":4},"end":{"line":10,"column":45}},"3":{"start":{"line":11,"column":4},"end":{"line":13,"column":5}},"4":{"start":{"line":16,"column":4},"end":{"line":18,"column":7}},"5":{"start":{"line":22,"column":4},"end":{"line":22,"column":23}},"6":{"start":{"line":23,"column":23},"end":{"line":25,"column":5}},"7":{"start":{"line":26,"column":4},"end":{"line":26,"column":28}},"8":{"start":{"line":27,"column":4},"end":{"line":34,"column":9}},"9":{"start":{"line":29,"column":40},"end":{"line":29,"column":50}},"10":{"start":{"line":31,"column":8},"end":{"line":33,"column":9}},"11":{"start":{"line":32,"column":10},"end":{"line":32,"column":39}},"12":{"start":{"line":35,"column":6},"end":{"line":35,"column":29}},"13":{"start":{"line":39,"column":3},"end":{"line":56,"column":5}}},"fnMap":{"0":{"name":"(anonymous_0)","decl":{"start":{"line":7,"column":2},"end":{"line":7,"column":3}},"loc":{"start":{"line":7,"column":21},"end":{"line":14,"column":3}},"line":7},"1":{"name":"(anonymous_1)","decl":{"start":{"line":15,"column":2},"end":{"line":15,"column":3}},"loc":{"start":{"line":15,"column":27},"end":{"line":19,"column":3}},"line":15},"2":{"name":"(anonymous_2)","decl":{"start":{"line":21,"column":2},"end":{"line":21,"column":3}},"loc":{"start":{"line":21,"column":14},"end":{"line":36,"column":3}},"line":21},"3":{"name":"(anonymous_3)","decl":{"start":{"line":28,"column":12},"end":{"line":28,"column":13}},"loc":{"start":{"line":28,"column":19},"end":{"line":34,"column":7}},"line":28},"4":{"name":"(anonymous_4)","decl":{"start":{"line":38,"column":2},"end":{"line":38,"column":3}},"loc":{"start":{"line":38,"column":11},"end":{"line":57,"column":2}},"line":38}},"branchMap":{"0":{"loc":{"start":{"line":31,"column":8},"end":{"line":33,"column":9}},"type":"if","locations":[{"start":{"line":31,"column":8},"end":{"line":33,"column":9}},{"start":{"line":31,"column":8},"end":{"line":33,"column":9}}],"line":31}},"s":{"0":2,"1":2,"2":2,"3":2,"4":0,"5":0,"6":0,"7":0,"8":0,"9":0,"10":0,"11":0,"12":0,"13":2},"f":{"0":2,"1":0,"2":0,"3":0,"4":2},"b":{"0":[0,0]},"_coverageSchema":"1a1c01bbd47fc00a2c39e90264f33305004495a9","hash":"5d189ab6486dcbfd98ed432e463894e9d27de7ff"}
,"/Users/joannabrigham/Projects/finalproject/Grappitude/components/design.component.style.js": {"path":"/Users/joannabrigham/Projects/finalproject/Grappitude/components/design.component.style.js","statementMap":{},"fnMap":{},"branchMap":{},"s":{},"f":{},"b":{},"_coverageSchema":"1a1c01bbd47fc00a2c39e90264f33305004495a9","hash":"3716c39b94234444937bcc8e5a5d10becfe8e5b6"}
,"/Users/joannabrigham/Projects/finalproject/Grappitude/components/display-thoughts.component.js": {"path":"/Users/joannabrigham/Projects/finalproject/Grappitude/components/display-thoughts.component.js","statementMap":{"0":{"start":{"line":7,"column":4},"end":{"line":7,"column":17}},"1":{"start":{"line":8,"column":4},"end":{"line":10,"column":5}},"2":{"start":{"line":13,"column":16},"end":{"line":22,"column":3}},"3":{"start":{"line":14,"column":4},"end":{"line":21,"column":7}},"4":{"start":{"line":16,"column":19},"end":{"line":16,"column":27}},"5":{"start":{"line":17,"column":6},"end":{"line":17,"column":40}},"6":{"start":{"line":20,"column":6},"end":{"line":20,"column":37}},"7":{"start":{"line":26,"column":4},"end":{"line":61,"column":6}},"8":{"start":{"line":47,"column":40},"end":{"line":55,"column":86}},"9":{"start":{"line":56,"column":48},"end":{"line":56,"column":71}}},"fnMap":{"0":{"name":"(anonymous_0)","decl":{"start":{"line":6,"column":3},"end":{"line":6,"column":4}},"loc":{"start":{"line":6,"column":22},"end":{"line":11,"column":3}},"line":6},"1":{"name":"(anonymous_1)","decl":{"start":{"line":13,"column":16},"end":{"line":13,"column":17}},"loc":{"start":{"line":13,"column":22},"end":{"line":22,"column":3}},"line":13},"2":{"name":"(anonymous_2)","decl":{"start":{"line":15,"column":10},"end":{"line":15,"column":11}},"loc":{"start":{"line":15,"column":19},"end":{"line":18,"column":5}},"line":15},"3":{"name":"(anonymous_3)","decl":{"start":{"line":19,"column":11},"end":{"line":19,"column":12}},"loc":{"start":{"line":19,"column":17},"end":{"line":21,"column":5}},"line":19},"4":{"name":"(anonymous_4)","decl":{"start":{"line":24,"column":2},"end":{"line":24,"column":3}},"loc":{"start":{"line":24,"column":11},"end":{"line":62,"column":3}},"line":24},"5":{"name":"(anonymous_5)","decl":{"start":{"line":47,"column":28},"end":{"line":47,"column":29}},"loc":{"start":{"line":47,"column":40},"end":{"line":55,"column":86}},"line":47},"6":{"name":"(anonymous_6)","decl":{"start":{"line":56,"column":30},"end":{"line":56,"column":31}},"loc":{"start":{"line":56,"column":47},"end":{"line":56,"column":72}},"line":56}},"branchMap":{},"s":{"0":2,"1":2,"2":2,"3":2,"4":0,"5":0,"6":0,"7":2,"8":0,"9":0},"f":{"0":2,"1":2,"2":0,"3":0,"4":2,"5":0,"6":0},"b":{},"_coverageSchema":"1a1c01bbd47fc00a2c39e90264f33305004495a9","hash":"824ba48fe3eeab2aaf0d46465312f4b9a96f7e90"}
,"/Users/joannabrigham/Projects/finalproject/Grappitude/components/inspire-me.component.js": {"path":"/Users/joannabrigham/Projects/finalproject/Grappitude/components/inspire-me.component.js","statementMap":{"0":{"start":{"line":7,"column":4},"end":{"line":7,"column":17}},"1":{"start":{"line":8,"column":4},"end":{"line":8,"column":59}},"2":{"start":{"line":9,"column":4},"end":{"line":9,"column":45}},"3":{"start":{"line":10,"column":4},"end":{"line":12,"column":5}},"4":{"start":{"line":15,"column":4},"end":{"line":17,"column":7}},"5":{"start":{"line":20,"column":4},"end":{"line":20,"column":23}},"6":{"start":{"line":23,"column":2},"end":{"line":34,"column":7}},"7":{"start":{"line":24,"column":24},"end":{"line":24,"column":39}},"8":{"start":{"line":26,"column":28},"end":{"line":26,"column":73}},"9":{"start":{"line":27,"column":27},"end":{"line":27,"column":45}},"10":{"start":{"line":28,"column":29},"end":{"line":28,"column":49}},"11":{"start":{"line":30,"column":6},"end":{"line":30,"column":55}},"12":{"start":{"line":33,"column":6},"end":{"line":33,"column":27}},"13":{"start":{"line":39,"column":3},"end":{"line":51,"column":5}}},"fnMap":{"0":{"name":"(anonymous_0)","decl":{"start":{"line":6,"column":2},"end":{"line":6,"column":3}},"loc":{"start":{"line":6,"column":21},"end":{"line":13,"column":3}},"line":6},"1":{"name":"(anonymous_1)","decl":{"start":{"line":14,"column":2},"end":{"line":14,"column":3}},"loc":{"start":{"line":14,"column":27},"end":{"line":18,"column":3}},"line":14},"2":{"name":"(anonymous_2)","decl":{"start":{"line":19,"column":2},"end":{"line":19,"column":3}},"loc":{"start":{"line":19,"column":14},"end":{"line":36,"column":3}},"line":19},"3":{"name":"(anonymous_3)","decl":{"start":{"line":24,"column":10},"end":{"line":24,"column":11}},"loc":{"start":{"line":24,"column":24},"end":{"line":24,"column":39}},"line":24},"4":{"name":"(anonymous_4)","decl":{"start":{"line":25,"column":10},"end":{"line":25,"column":11}},"loc":{"start":{"line":25,"column":20},"end":{"line":31,"column":5}},"line":25},"5":{"name":"(anonymous_5)","decl":{"start":{"line":32,"column":11},"end":{"line":32,"column":12}},"loc":{"start":{"line":32,"column":22},"end":{"line":34,"column":5}},"line":32},"6":{"name":"(anonymous_6)","decl":{"start":{"line":38,"column":2},"end":{"line":38,"column":3}},"loc":{"start":{"line":38,"column":11},"end":{"line":52,"column":2}},"line":38}},"branchMap":{},"s":{"0":2,"1":2,"2":2,"3":2,"4":0,"5":0,"6":0,"7":0,"8":0,"9":0,"10":0,"11":0,"12":0,"13":2},"f":{"0":2,"1":0,"2":0,"3":0,"4":0,"5":0,"6":2},"b":{},"_coverageSchema":"1a1c01bbd47fc00a2c39e90264f33305004495a9","hash":"ebfa4792142fff0be426e066618204a22ba8b3ab"}
,"/Users/joannabrigham/Projects/finalproject/Grappitude/components/level.component.js": {"path":"/Users/joannabrigham/Projects/finalproject/Grappitude/components/level.component.js","statementMap":{"0":{"start":{"line":6,"column":14},"end":{"line":18,"column":1}},"1":{"start":{"line":8,"column":4},"end":{"line":17,"column":5}}},"fnMap":{"0":{"name":"(anonymous_0)","decl":{"start":{"line":6,"column":14},"end":{"line":6,"column":15}},"loc":{"start":{"line":6,"column":35},"end":{"line":18,"column":1}},"line":6}},"branchMap":{},"s":{"0":1,"1":2},"f":{"0":2},"b":{},"_coverageSchema":"1a1c01bbd47fc00a2c39e90264f33305004495a9","hash":"f14533272418e9efb026fd69a682ce1d00dbbae3"}
,"/Users/joannabrigham/Projects/finalproject/Grappitude/components/progress-bar.component.js": {"path":"/Users/joannabrigham/Projects/finalproject/Grappitude/components/progress-bar.component.js","statementMap":{"0":{"start":{"line":7,"column":20},"end":{"line":13,"column":1}},"1":{"start":{"line":9,"column":2},"end":{"line":11,"column":3}}},"fnMap":{"0":{"name":"(anonymous_0)","decl":{"start":{"line":7,"column":20},"end":{"line":7,"column":21}},"loc":{"start":{"line":7,"column":46},"end":{"line":13,"column":1}},"line":7}},"branchMap":{},"s":{"0":1,"1":2},"f":{"0":2},"b":{},"_coverageSchema":"1a1c01bbd47fc00a2c39e90264f33305004495a9","hash":"2364dc1e230d78c8475f6015ac1eb0a4dc4729cb"}
,"/Users/joannabrigham/Projects/finalproject/Grappitude/components/progress-bar.component.style.js": {"path":"/Users/joannabrigham/Projects/finalproject/Grappitude/components/progress-bar.component.style.js","statementMap":{},"fnMap":{},"branchMap":{},"s":{},"f":{},"b":{},"_coverageSchema":"1a1c01bbd47fc00a2c39e90264f33305004495a9","hash":"b85d72af5f18735989427b8b773078bcfb466de9"}
}
